<?xml version="1.0" encoding="UTF-8"?>
<!-- Generated by org.testng.reporters.JUnitReportReporter -->
<testsuite skipped="0" hostname="HSPW1PC0533NH" name="Dlm.CopyOfLoginPageTest" tests="1" failures="0" timestamp="12 Dec 2017 05:31:35 GMT" time="12.675" errors="0">
  <testcase name="validateLogin" time="12.675" classname="Dlm.CopyOfLoginPageTest"/>
</testsuite> <!-- Dlm.CopyOfLoginPageTest -->
